<?xml version="1.0" encoding="UTF-8"?>
<!-- Generated by org.testng.reporters.JUnitReportReporter -->
<testsuite hostname="Daniels-MacBook-Pro.local" failures="0" tests="2" name="org.elasticsearch.index.analysis.GreeklishReverseStemmerTest" time="0.003" errors="0" timestamp="13 Mar 2025 13:33:51 GMT">
  <testcase classname="org.elasticsearch.index.analysis.GreeklishReverseStemmerTest" name="testGenerationOfGreekVariants" time="0.002"/>
  <testcase classname="org.elasticsearch.index.analysis.GreeklishReverseStemmerTest" name="testNonMatchingWords" time="0.001"/>
</testsuite> <!-- org.elasticsearch.index.analysis.GreeklishReverseStemmerTest -->
