<?xml version="1.0" encoding="UTF-8"?>
<!-- Generated by org.testng.reporters.JUnitReportReporter -->
<testsuite hostname="Daniels-MacBook-Pro.local" failures="0" tests="4" name="org.elasticsearch.index.analysis.GreeklishConverterTest" time="0.033" errors="0" timestamp="13 Mar 2025 13:33:51 GMT">
  <testcase classname="org.elasticsearch.index.analysis.GreeklishConverterTest" name="testGreekVariantsGeneration" time="0.004"/>
  <testcase classname="org.elasticsearch.index.analysis.GreeklishConverterTest" name="testMaxGreeklishExpansions" time="0.002"/>
  <testcase classname="org.elasticsearch.index.analysis.GreeklishConverterTest" name="testGreekTokenConversionsForInvalidWords" time="0.002"/>
  <testcase classname="org.elasticsearch.index.analysis.GreeklishConverterTest" name="testGreekTokenConversionForValidWords" time="0.025"/>
</testsuite> <!-- org.elasticsearch.index.analysis.GreeklishConverterTest -->
