<?xml version="1.0" encoding="UTF-8"?>
<!-- Generated by org.testng.reporters.JUnitReportReporter -->
<testsuite hostname="Daniels-MacBook-Pro.local" failures="0" tests="2" name="org.elasticsearch.index.analysis.GreeklishGeneratorTest" time="0.002" errors="0" timestamp="13 Mar 2025 13:33:51 GMT">
  <testcase classname="org.elasticsearch.index.analysis.GreeklishGeneratorTest" name="testGreekTokenConversionForValidWords" time="0.001"/>
  <testcase classname="org.elasticsearch.index.analysis.GreeklishGeneratorTest" name="testMaxGreeklishWordGenerations" time="0.001"/>
</testsuite> <!-- org.elasticsearch.index.analysis.GreeklishGeneratorTest -->
